20:37:10.932 [main] DEBUG com.goeuro.base.TestBase.setup - ---Thread.currentThread().getId() = 1
20:37:13.001 [PoolService-3] DEBUG com.goeuro.base.TestBase.testSetup - ---Thread.currentThread().getId() = 16and Driver is = 884928978
20:37:13.012 [PoolService-3] DEBUG com.goeuro.tests.TrainSearchTests.testSortingOfTrainPrices - ---Thread.currentThread().getId() = 16and Driver is = 884928978
20:37:13.128 [PoolService-0] DEBUG com.goeuro.base.TestBase.testSetup - ---Thread.currentThread().getId() = 13and Driver is = 577656365
20:37:13.136 [PoolService-0] DEBUG com.goeuro.tests.TrainSearchTests.testSortingOfTrainPrices - ---Thread.currentThread().getId() = 13and Driver is = 577656365
20:37:13.388 [PoolService-1] DEBUG com.goeuro.base.TestBase.testSetup - ---Thread.currentThread().getId() = 14and Driver is = 140315412
20:37:13.392 [PoolService-2] DEBUG com.goeuro.base.TestBase.testSetup - ---Thread.currentThread().getId() = 15and Driver is = 1883023919
20:37:13.396 [PoolService-1] DEBUG com.goeuro.tests.TrainSearchTests.testSortingOfTrainPrices - ---Thread.currentThread().getId() = 14and Driver is = 140315412
20:37:13.400 [PoolService-2] DEBUG com.goeuro.tests.TrainSearchTests.testSortingOfTrainPrices - ---Thread.currentThread().getId() = 15and Driver is = 1883023919
20:37:33.948 [PoolService-0] DEBUG com.goeuro.tests.TrainSearchTests.testSortingOfTrainPrices - ---Thread.currentThread().getId() = 13and Driver is = 577656365----Duplicate1
20:37:33.948 [PoolService-0] DEBUG com.goeuro.pages.HomePage.performSearch - ---Thread.currentThread().getId() = 13and Driver is = 577656365
20:37:33.951 [PoolService-1] DEBUG com.goeuro.tests.TrainSearchTests.testSortingOfTrainPrices - ---Thread.currentThread().getId() = 14and Driver is = 140315412----Duplicate1
20:37:33.951 [PoolService-3] DEBUG com.goeuro.tests.TrainSearchTests.testSortingOfTrainPrices - ---Thread.currentThread().getId() = 16and Driver is = 884928978----Duplicate1
20:37:33.952 [PoolService-1] DEBUG com.goeuro.pages.HomePage.performSearch - ---Thread.currentThread().getId() = 14and Driver is = 140315412
20:37:33.953 [PoolService-2] DEBUG com.goeuro.tests.TrainSearchTests.testSortingOfTrainPrices - ---Thread.currentThread().getId() = 15and Driver is = 1883023919----Duplicate1
20:37:33.954 [PoolService-3] DEBUG com.goeuro.pages.HomePage.performSearch - ---Thread.currentThread().getId() = 16and Driver is = 884928978
20:37:33.961 [PoolService-2] DEBUG com.goeuro.pages.HomePage.performSearch - ---Thread.currentThread().getId() = 15and Driver is = 1883023919
20:37:43.184 [PoolService-1] DEBUG com.goeuro.tests.TrainSearchTests.testSortingOfTrainPrices - ---Thread.currentThread().getId() = 14and Driver is = 140315412----Duplicate2
20:37:43.185 [PoolService-1] DEBUG com.goeuro.tests.TrainSearchTests.testSortingOfTrainPrices - ---Thread.currentThread().getId() = 14and Driver is = 140315412----Duplicate3
20:37:43.515 [PoolService-3] DEBUG com.goeuro.tests.TrainSearchTests.testSortingOfTrainPrices - ---Thread.currentThread().getId() = 16and Driver is = 884928978----Duplicate2
20:37:43.515 [PoolService-3] DEBUG com.goeuro.tests.TrainSearchTests.testSortingOfTrainPrices - ---Thread.currentThread().getId() = 16and Driver is = 884928978----Duplicate3
20:37:43.682 [PoolService-0] DEBUG com.goeuro.tests.TrainSearchTests.testSortingOfTrainPrices - ---Thread.currentThread().getId() = 13and Driver is = 577656365----Duplicate2
20:37:43.682 [PoolService-0] DEBUG com.goeuro.tests.TrainSearchTests.testSortingOfTrainPrices - ---Thread.currentThread().getId() = 13and Driver is = 577656365----Duplicate3
20:37:51.238 [PoolService-2] DEBUG com.goeuro.tests.TrainSearchTests.testSortingOfTrainPrices - ---Thread.currentThread().getId() = 15and Driver is = 1883023919----Duplicate2
20:37:51.238 [PoolService-2] DEBUG com.goeuro.tests.TrainSearchTests.testSortingOfTrainPrices - ---Thread.currentThread().getId() = 15and Driver is = 1883023919----Duplicate3
20:38:20.562 [PoolService-3] DEBUG com.goeuro.tests.TrainSearchTests.testSortingOfTrainPrices - ---Thread.currentThread().getId() = 16and Driver is = 884928978----Duplicate4
20:38:20.563 [PoolService-3] DEBUG com.goeuro.base.TestBase.tearDown - ---Thread.currentThread().getId() = 16and Driver is = 884928978
20:38:38.237 [PoolService-2] DEBUG com.goeuro.tests.TrainSearchTests.testSortingOfTrainPrices - ---Thread.currentThread().getId() = 15and Driver is = 1883023919----Duplicate4
20:38:38.238 [PoolService-2] DEBUG com.goeuro.base.TestBase.tearDown - ---Thread.currentThread().getId() = 15and Driver is = 1883023919
20:38:41.100 [PoolService-1] DEBUG com.goeuro.tests.TrainSearchTests.testSortingOfTrainPrices - ---Thread.currentThread().getId() = 14and Driver is = 140315412----Duplicate4
20:38:41.101 [PoolService-1] DEBUG com.goeuro.base.TestBase.tearDown - ---Thread.currentThread().getId() = 14and Driver is = 140315412
20:40:36.948 [PoolService-0] DEBUG com.goeuro.tests.TrainSearchTests.testSortingOfTrainPrices - ---Thread.currentThread().getId() = 13and Driver is = 577656365----Duplicate4
20:40:36.949 [PoolService-0] DEBUG com.goeuro.base.TestBase.tearDown - ---Thread.currentThread().getId() = 13and Driver is = 577656365
20:40:40.195 [PoolService-3] DEBUG com.goeuro.base.TestBase.testSetup - ---Thread.currentThread().getId() = 44and Driver is = 1161672391
20:40:40.201 [PoolService-1] DEBUG com.goeuro.base.TestBase.testSetup - ---Thread.currentThread().getId() = 42and Driver is = 2063435815
20:40:40.213 [PoolService-2] DEBUG com.goeuro.base.TestBase.testSetup - ---Thread.currentThread().getId() = 43and Driver is = 117248763
20:40:40.213 [PoolService-0] DEBUG com.goeuro.base.TestBase.testSetup - ---Thread.currentThread().getId() = 41and Driver is = 826976843
20:40:40.259 [PoolService-2] DEBUG com.goeuro.tests.TrainSearchTests.testSortingOfTrainPrices - ---Thread.currentThread().getId() = 43and Driver is = 117248763
20:40:40.260 [PoolService-1] DEBUG com.goeuro.tests.TrainSearchTests.testSortingOfTrainPrices - ---Thread.currentThread().getId() = 42and Driver is = 2063435815
20:40:40.260 [PoolService-0] DEBUG com.goeuro.tests.TrainSearchTests.testSortingOfTrainPrices - ---Thread.currentThread().getId() = 41and Driver is = 826976843
20:40:40.261 [PoolService-3] DEBUG com.goeuro.tests.TrainSearchTests.testSortingOfTrainPrices - ---Thread.currentThread().getId() = 44and Driver is = 1161672391
20:41:02.049 [PoolService-0] DEBUG com.goeuro.tests.TrainSearchTests.testSortingOfTrainPrices - ---Thread.currentThread().getId() = 41and Driver is = 826976843----Duplicate1
20:41:02.049 [PoolService-0] DEBUG com.goeuro.pages.HomePage.performSearch - ---Thread.currentThread().getId() = 41and Driver is = 826976843
20:41:02.049 [PoolService-2] DEBUG com.goeuro.tests.TrainSearchTests.testSortingOfTrainPrices - ---Thread.currentThread().getId() = 43and Driver is = 117248763----Duplicate1
20:41:02.050 [PoolService-2] DEBUG com.goeuro.pages.HomePage.performSearch - ---Thread.currentThread().getId() = 43and Driver is = 117248763
20:41:02.065 [PoolService-3] DEBUG com.goeuro.tests.TrainSearchTests.testSortingOfTrainPrices - ---Thread.currentThread().getId() = 44and Driver is = 1161672391----Duplicate1
20:41:02.065 [PoolService-1] DEBUG com.goeuro.tests.TrainSearchTests.testSortingOfTrainPrices - ---Thread.currentThread().getId() = 42and Driver is = 2063435815----Duplicate1
20:41:02.065 [PoolService-3] DEBUG com.goeuro.pages.HomePage.performSearch - ---Thread.currentThread().getId() = 44and Driver is = 1161672391
20:41:02.066 [PoolService-1] DEBUG com.goeuro.pages.HomePage.performSearch - ---Thread.currentThread().getId() = 42and Driver is = 2063435815
20:41:04.968 [PoolService-1] DEBUG com.goeuro.tests.TrainSearchTests.testSortingOfTrainPrices - ---Thread.currentThread().getId() = 42and Driver is = 2063435815----Duplicate2
20:41:04.968 [PoolService-1] DEBUG com.goeuro.tests.TrainSearchTests.testSortingOfTrainPrices - ---Thread.currentThread().getId() = 42and Driver is = 2063435815----Duplicate3
20:41:05.204 [PoolService-3] DEBUG com.goeuro.tests.TrainSearchTests.testSortingOfTrainPrices - ---Thread.currentThread().getId() = 44and Driver is = 1161672391----Duplicate2
20:41:05.205 [PoolService-3] DEBUG com.goeuro.tests.TrainSearchTests.testSortingOfTrainPrices - ---Thread.currentThread().getId() = 44and Driver is = 1161672391----Duplicate3
20:41:05.507 [PoolService-0] DEBUG com.goeuro.tests.TrainSearchTests.testSortingOfTrainPrices - ---Thread.currentThread().getId() = 41and Driver is = 826976843----Duplicate2
20:41:05.507 [PoolService-0] DEBUG com.goeuro.tests.TrainSearchTests.testSortingOfTrainPrices - ---Thread.currentThread().getId() = 41and Driver is = 826976843----Duplicate3
20:41:06.969 [PoolService-2] DEBUG com.goeuro.tests.TrainSearchTests.testSortingOfTrainPrices - ---Thread.currentThread().getId() = 43and Driver is = 117248763----Duplicate2
20:41:06.969 [PoolService-2] DEBUG com.goeuro.tests.TrainSearchTests.testSortingOfTrainPrices - ---Thread.currentThread().getId() = 43and Driver is = 117248763----Duplicate3
20:41:49.356 [PoolService-3] DEBUG com.goeuro.tests.TrainSearchTests.testSortingOfTrainPrices - ---Thread.currentThread().getId() = 44and Driver is = 1161672391----Duplicate4
20:41:49.357 [PoolService-3] DEBUG com.goeuro.base.TestBase.tearDown - ---Thread.currentThread().getId() = 44and Driver is = 1161672391
20:42:01.810 [PoolService-2] DEBUG com.goeuro.tests.TrainSearchTests.testSortingOfTrainPrices - ---Thread.currentThread().getId() = 43and Driver is = 117248763----Duplicate4
20:42:01.811 [PoolService-2] DEBUG com.goeuro.base.TestBase.tearDown - ---Thread.currentThread().getId() = 43and Driver is = 117248763
20:42:09.234 [PoolService-1] DEBUG com.goeuro.tests.TrainSearchTests.testSortingOfTrainPrices - ---Thread.currentThread().getId() = 42and Driver is = 2063435815----Duplicate4
20:42:09.234 [PoolService-1] DEBUG com.goeuro.base.TestBase.tearDown - ---Thread.currentThread().getId() = 42and Driver is = 2063435815
20:43:22.278 [PoolService-0] DEBUG com.goeuro.tests.TrainSearchTests.testSortingOfTrainPrices - ---Thread.currentThread().getId() = 41and Driver is = 826976843----Duplicate4
20:43:22.278 [PoolService-0] DEBUG com.goeuro.base.TestBase.tearDown - ---Thread.currentThread().getId() = 41and Driver is = 826976843
20:44:41.894 [main] DEBUG com.goeuro.base.TestBase.setup - ---Thread.currentThread().getId() = 1
20:44:43.897 [PoolService-0] DEBUG com.goeuro.base.TestBase.testSetup - ---Thread.currentThread().getId() = 13and Driver is = 150513679
20:44:43.899 [PoolService-1] DEBUG com.goeuro.base.TestBase.testSetup - ---Thread.currentThread().getId() = 14and Driver is = 692193542
20:44:43.901 [PoolService-3] DEBUG com.goeuro.base.TestBase.testSetup - ---Thread.currentThread().getId() = 16and Driver is = 1567220885
20:44:43.909 [PoolService-1] DEBUG com.goeuro.tests.TrainSearchTests.testSortingOfTrainPrices - ---Thread.currentThread().getId() = 14and Driver is = 692193542
20:44:43.909 [PoolService-3] DEBUG com.goeuro.tests.TrainSearchTests.testSortingOfTrainPrices - ---Thread.currentThread().getId() = 16and Driver is = 1567220885
20:44:43.912 [PoolService-0] DEBUG com.goeuro.tests.TrainSearchTests.testSortingOfTrainPrices - ---Thread.currentThread().getId() = 13and Driver is = 150513679
20:44:44.013 [PoolService-2] DEBUG com.goeuro.base.TestBase.testSetup - ---Thread.currentThread().getId() = 15and Driver is = 1406025670
20:44:44.021 [PoolService-2] DEBUG com.goeuro.tests.TrainSearchTests.testSortingOfTrainPrices - ---Thread.currentThread().getId() = 15and Driver is = 1406025670
20:45:05.788 [PoolService-2] DEBUG com.goeuro.tests.TrainSearchTests.testSortingOfTrainPrices - ---Thread.currentThread().getId() = 15and Driver is = 1406025670----Duplicate1
20:45:05.788 [PoolService-2] DEBUG com.goeuro.pages.HomePage.performSearch - ---Thread.currentThread().getId() = 15and Driver is = 1406025670
20:45:05.790 [PoolService-3] DEBUG com.goeuro.tests.TrainSearchTests.testSortingOfTrainPrices - ---Thread.currentThread().getId() = 16and Driver is = 1567220885----Duplicate1
20:45:05.790 [PoolService-3] DEBUG com.goeuro.pages.HomePage.performSearch - ---Thread.currentThread().getId() = 16and Driver is = 1567220885
20:45:05.799 [PoolService-0] DEBUG com.goeuro.tests.TrainSearchTests.testSortingOfTrainPrices - ---Thread.currentThread().getId() = 13and Driver is = 150513679----Duplicate1
20:45:05.800 [PoolService-0] DEBUG com.goeuro.pages.HomePage.performSearch - ---Thread.currentThread().getId() = 13and Driver is = 150513679
20:45:05.801 [PoolService-1] DEBUG com.goeuro.tests.TrainSearchTests.testSortingOfTrainPrices - ---Thread.currentThread().getId() = 14and Driver is = 692193542----Duplicate1
20:45:05.801 [PoolService-1] DEBUG com.goeuro.pages.HomePage.performSearch - ---Thread.currentThread().getId() = 14and Driver is = 692193542
20:45:08.781 [PoolService-1] DEBUG com.goeuro.tests.TrainSearchTests.testSortingOfTrainPrices - ---Thread.currentThread().getId() = 14and Driver is = 692193542----Duplicate2
20:45:08.783 [PoolService-1] DEBUG com.goeuro.tests.TrainSearchTests.testSortingOfTrainPrices - ---Thread.currentThread().getId() = 14and Driver is = 692193542----Duplicate3
20:45:09.380 [PoolService-3] DEBUG com.goeuro.tests.TrainSearchTests.testSortingOfTrainPrices - ---Thread.currentThread().getId() = 16and Driver is = 1567220885----Duplicate2
20:45:09.380 [PoolService-3] DEBUG com.goeuro.tests.TrainSearchTests.testSortingOfTrainPrices - ---Thread.currentThread().getId() = 16and Driver is = 1567220885----Duplicate3
20:45:09.600 [PoolService-0] DEBUG com.goeuro.tests.TrainSearchTests.testSortingOfTrainPrices - ---Thread.currentThread().getId() = 13and Driver is = 150513679----Duplicate2
20:45:09.600 [PoolService-0] DEBUG com.goeuro.tests.TrainSearchTests.testSortingOfTrainPrices - ---Thread.currentThread().getId() = 13and Driver is = 150513679----Duplicate3
20:45:09.616 [PoolService-2] DEBUG com.goeuro.tests.TrainSearchTests.testSortingOfTrainPrices - ---Thread.currentThread().getId() = 15and Driver is = 1406025670----Duplicate2
20:45:09.616 [PoolService-2] DEBUG com.goeuro.tests.TrainSearchTests.testSortingOfTrainPrices - ---Thread.currentThread().getId() = 15and Driver is = 1406025670----Duplicate3
20:46:00.037 [PoolService-3] DEBUG com.goeuro.base.TestBase.tearDown - ---Thread.currentThread().getId() = 16and Driver is = 1567220885
20:46:22.633 [PoolService-1] DEBUG com.goeuro.tests.TrainSearchTests.testSortingOfTrainPrices - ---Thread.currentThread().getId() = 14and Driver is = 692193542----Duplicate4
20:46:22.634 [PoolService-1] DEBUG com.goeuro.base.TestBase.tearDown - ---Thread.currentThread().getId() = 14and Driver is = 692193542
20:46:25.881 [PoolService-2] DEBUG com.goeuro.tests.TrainSearchTests.testSortingOfTrainPrices - ---Thread.currentThread().getId() = 15and Driver is = 1406025670----Duplicate4
20:46:25.882 [PoolService-2] DEBUG com.goeuro.base.TestBase.tearDown - ---Thread.currentThread().getId() = 15and Driver is = 1406025670
20:47:44.302 [PoolService-0] DEBUG com.goeuro.tests.TrainSearchTests.testSortingOfTrainPrices - ---Thread.currentThread().getId() = 13and Driver is = 150513679----Duplicate4
20:47:44.303 [PoolService-0] DEBUG com.goeuro.base.TestBase.tearDown - ---Thread.currentThread().getId() = 13and Driver is = 150513679
20:47:47.157 [PoolService-3] DEBUG com.goeuro.base.TestBase.testSetup - ---Thread.currentThread().getId() = 44and Driver is = 1428126392
20:47:47.185 [PoolService-2] DEBUG com.goeuro.base.TestBase.testSetup - ---Thread.currentThread().getId() = 43and Driver is = 74295469
20:47:47.186 [PoolService-1] DEBUG com.goeuro.base.TestBase.testSetup - ---Thread.currentThread().getId() = 42and Driver is = 427461898
20:47:47.187 [PoolService-3] DEBUG com.goeuro.tests.TrainSearchTests.testSortingOfTrainPrices - ---Thread.currentThread().getId() = 44and Driver is = 1428126392
20:47:47.202 [PoolService-0] DEBUG com.goeuro.base.TestBase.testSetup - ---Thread.currentThread().getId() = 41and Driver is = 98548218
20:47:47.206 [PoolService-2] DEBUG com.goeuro.tests.TrainSearchTests.testSortingOfTrainPrices - ---Thread.currentThread().getId() = 43and Driver is = 74295469
20:47:47.208 [PoolService-1] DEBUG com.goeuro.tests.TrainSearchTests.testSortingOfTrainPrices - ---Thread.currentThread().getId() = 42and Driver is = 427461898
20:47:47.224 [PoolService-0] DEBUG com.goeuro.tests.TrainSearchTests.testSortingOfTrainPrices - ---Thread.currentThread().getId() = 41and Driver is = 98548218
20:48:02.051 [PoolService-1] DEBUG com.goeuro.tests.TrainSearchTests.testSortingOfTrainPrices - ---Thread.currentThread().getId() = 42and Driver is = 427461898----Duplicate1
20:48:02.052 [PoolService-1] DEBUG com.goeuro.pages.HomePage.performSearch - ---Thread.currentThread().getId() = 42and Driver is = 427461898
20:48:02.063 [PoolService-0] DEBUG com.goeuro.tests.TrainSearchTests.testSortingOfTrainPrices - ---Thread.currentThread().getId() = 41and Driver is = 98548218----Duplicate1
20:48:02.063 [PoolService-0] DEBUG com.goeuro.pages.HomePage.performSearch - ---Thread.currentThread().getId() = 41and Driver is = 98548218
20:48:02.189 [PoolService-2] DEBUG com.goeuro.tests.TrainSearchTests.testSortingOfTrainPrices - ---Thread.currentThread().getId() = 43and Driver is = 74295469----Duplicate1
20:48:02.189 [PoolService-2] DEBUG com.goeuro.pages.HomePage.performSearch - ---Thread.currentThread().getId() = 43and Driver is = 74295469
20:48:03.232 [PoolService-3] DEBUG com.goeuro.tests.TrainSearchTests.testSortingOfTrainPrices - ---Thread.currentThread().getId() = 44and Driver is = 1428126392----Duplicate1
20:48:03.232 [PoolService-3] DEBUG com.goeuro.pages.HomePage.performSearch - ---Thread.currentThread().getId() = 44and Driver is = 1428126392
20:48:04.917 [PoolService-1] DEBUG com.goeuro.tests.TrainSearchTests.testSortingOfTrainPrices - ---Thread.currentThread().getId() = 42and Driver is = 427461898----Duplicate2
20:48:04.917 [PoolService-1] DEBUG com.goeuro.tests.TrainSearchTests.testSortingOfTrainPrices - ---Thread.currentThread().getId() = 42and Driver is = 427461898----Duplicate3
20:48:05.304 [PoolService-0] DEBUG com.goeuro.tests.TrainSearchTests.testSortingOfTrainPrices - ---Thread.currentThread().getId() = 41and Driver is = 98548218----Duplicate2
20:48:05.305 [PoolService-0] DEBUG com.goeuro.tests.TrainSearchTests.testSortingOfTrainPrices - ---Thread.currentThread().getId() = 41and Driver is = 98548218----Duplicate3
20:48:05.349 [PoolService-2] DEBUG com.goeuro.tests.TrainSearchTests.testSortingOfTrainPrices - ---Thread.currentThread().getId() = 43and Driver is = 74295469----Duplicate2
20:48:05.349 [PoolService-2] DEBUG com.goeuro.tests.TrainSearchTests.testSortingOfTrainPrices - ---Thread.currentThread().getId() = 43and Driver is = 74295469----Duplicate3
20:48:06.089 [PoolService-3] DEBUG com.goeuro.tests.TrainSearchTests.testSortingOfTrainPrices - ---Thread.currentThread().getId() = 44and Driver is = 1428126392----Duplicate2
20:48:06.089 [PoolService-3] DEBUG com.goeuro.tests.TrainSearchTests.testSortingOfTrainPrices - ---Thread.currentThread().getId() = 44and Driver is = 1428126392----Duplicate3
20:48:54.536 [PoolService-3] DEBUG com.goeuro.tests.TrainSearchTests.testSortingOfTrainPrices - ---Thread.currentThread().getId() = 44and Driver is = 1428126392----Duplicate4
20:48:54.537 [PoolService-3] DEBUG com.goeuro.base.TestBase.tearDown - ---Thread.currentThread().getId() = 44and Driver is = 1428126392
20:49:00.724 [PoolService-2] DEBUG com.goeuro.tests.TrainSearchTests.testSortingOfTrainPrices - ---Thread.currentThread().getId() = 43and Driver is = 74295469----Duplicate4
20:49:00.726 [PoolService-2] DEBUG com.goeuro.base.TestBase.tearDown - ---Thread.currentThread().getId() = 43and Driver is = 74295469
20:49:19.822 [PoolService-1] DEBUG com.goeuro.tests.TrainSearchTests.testSortingOfTrainPrices - ---Thread.currentThread().getId() = 42and Driver is = 427461898----Duplicate4
20:49:19.823 [PoolService-1] DEBUG com.goeuro.base.TestBase.tearDown - ---Thread.currentThread().getId() = 42and Driver is = 427461898
20:50:22.061 [PoolService-0] DEBUG com.goeuro.tests.TrainSearchTests.testSortingOfTrainPrices - ---Thread.currentThread().getId() = 41and Driver is = 98548218----Duplicate4
20:50:22.062 [PoolService-0] DEBUG com.goeuro.base.TestBase.tearDown - ---Thread.currentThread().getId() = 41and Driver is = 98548218
20:53:56.954 [main] DEBUG com.goeuro.base.TestBase.setup - ---Thread.currentThread().getId() = 1
20:53:59.635 [PoolService-2] DEBUG com.goeuro.base.TestBase.testSetup - ---Thread.currentThread().getId() = 19and Driver is = 757611746
20:53:59.647 [PoolService-0] DEBUG com.goeuro.base.TestBase.testSetup - ---Thread.currentThread().getId() = 14and Driver is = 1608761515
20:53:59.651 [PoolService-2] DEBUG com.goeuro.tests.TrainSearchTests.testSortingOfTrainPrices - ---Thread.currentThread().getId() = 19and Driver is = 757611746
20:53:59.652 [PoolService-1] DEBUG com.goeuro.base.TestBase.testSetup - ---Thread.currentThread().getId() = 17and Driver is = 1905756977
20:53:59.654 [PoolService-0] DEBUG com.goeuro.tests.TrainSearchTests.testSortingOfTrainPrices - ---Thread.currentThread().getId() = 14and Driver is = 1608761515
20:53:59.660 [PoolService-1] DEBUG com.goeuro.tests.TrainSearchTests.testSortingOfTrainPrices - ---Thread.currentThread().getId() = 17and Driver is = 1905756977
20:54:00.324 [PoolService-3] DEBUG com.goeuro.base.TestBase.testSetup - ---Thread.currentThread().getId() = 21and Driver is = 331812944
20:54:00.332 [PoolService-3] DEBUG com.goeuro.tests.TrainSearchTests.testSortingOfTrainPrices - ---Thread.currentThread().getId() = 21and Driver is = 331812944
20:54:01.823 [PoolService-2] DEBUG com.goeuro.base.TestBase.testSetup - ---Thread.currentThread().getId() = 18and Driver is = 650040055
20:54:01.879 [PoolService-2] DEBUG com.goeuro.tests.TrainSearchTests.testSortingOfTrainPrices - ---Thread.currentThread().getId() = 18and Driver is = 650040055
20:54:01.971 [PoolService-3] DEBUG com.goeuro.base.TestBase.testSetup - ---Thread.currentThread().getId() = 20and Driver is = 517662002
20:54:02.013 [PoolService-0] DEBUG com.goeuro.base.TestBase.testSetup - ---Thread.currentThread().getId() = 15and Driver is = 100700303
20:54:02.063 [PoolService-1] DEBUG com.goeuro.base.TestBase.testSetup - ---Thread.currentThread().getId() = 16and Driver is = 1049458557
20:54:02.065 [PoolService-3] DEBUG com.goeuro.tests.TrainSearchTests.testSortingOfTrainPrices - ---Thread.currentThread().getId() = 20and Driver is = 517662002
20:54:02.097 [PoolService-0] DEBUG com.goeuro.tests.TrainSearchTests.testSortingOfTrainPrices - ---Thread.currentThread().getId() = 15and Driver is = 100700303
20:54:02.116 [PoolService-1] DEBUG com.goeuro.tests.TrainSearchTests.testSortingOfTrainPrices - ---Thread.currentThread().getId() = 16and Driver is = 1049458557
20:54:29.698 [PoolService-0] DEBUG com.goeuro.base.TestBase.tearDown - ---Thread.currentThread().getId() = 14and Driver is = 1608761515
20:54:29.698 [PoolService-1] DEBUG com.goeuro.base.TestBase.tearDown - ---Thread.currentThread().getId() = 17and Driver is = 1905756977
20:54:29.698 [PoolService-2] DEBUG com.goeuro.base.TestBase.tearDown - ---Thread.currentThread().getId() = 19and Driver is = 757611746
20:54:30.357 [PoolService-3] DEBUG com.goeuro.base.TestBase.tearDown - ---Thread.currentThread().getId() = 21and Driver is = 331812944
20:54:31.908 [PoolService-2] DEBUG com.goeuro.base.TestBase.tearDown - ---Thread.currentThread().getId() = 18and Driver is = 650040055
20:54:32.178 [PoolService-1] DEBUG com.goeuro.base.TestBase.tearDown - ---Thread.currentThread().getId() = 16and Driver is = 1049458557
20:54:32.184 [PoolService-3] DEBUG com.goeuro.base.TestBase.tearDown - ---Thread.currentThread().getId() = 20and Driver is = 517662002
20:54:32.195 [PoolService-0] DEBUG com.goeuro.base.TestBase.tearDown - ---Thread.currentThread().getId() = 15and Driver is = 100700303
11:30:15.671 [main] DEBUG com.goeuro.base.TestBase.setup - ---Thread.currentThread().getId() = 1
11:30:18.485 [PoolService-1] DEBUG com.goeuro.base.TestBase.testSetup - ---Thread.currentThread().getId() = 14and Driver is = 803820624
11:30:18.485 [PoolService-2] DEBUG com.goeuro.base.TestBase.testSetup - ---Thread.currentThread().getId() = 15and Driver is = 1625339024
11:30:18.501 [PoolService-2] DEBUG com.goeuro.tests.TrainSearchTests.testSortingOfTrainPrices - ---Thread.currentThread().getId() = 15and Driver is = 1625339024
11:30:18.503 [PoolService-1] DEBUG com.goeuro.tests.TrainSearchTests.testSortingOfTrainPrices - ---Thread.currentThread().getId() = 14and Driver is = 803820624
11:30:18.769 [PoolService-3] DEBUG com.goeuro.base.TestBase.testSetup - ---Thread.currentThread().getId() = 16and Driver is = 1511327458
11:30:18.777 [PoolService-3] DEBUG com.goeuro.tests.TrainSearchTests.testSortingOfTrainPrices - ---Thread.currentThread().getId() = 16and Driver is = 1511327458
11:30:29.278 [PoolService-3] DEBUG com.goeuro.tests.TrainSearchTests.testSortingOfTrainPrices - ---Thread.currentThread().getId() = 16and Driver is = 1511327458----Duplicate1
11:30:29.279 [PoolService-3] DEBUG com.goeuro.pages.HomePage.performSearch - ---Thread.currentThread().getId() = 16and Driver is = 1511327458
11:30:29.298 [PoolService-2] DEBUG com.goeuro.tests.TrainSearchTests.testSortingOfTrainPrices - ---Thread.currentThread().getId() = 15and Driver is = 1625339024----Duplicate1
11:30:29.298 [PoolService-2] DEBUG com.goeuro.pages.HomePage.performSearch - ---Thread.currentThread().getId() = 15and Driver is = 1625339024
11:30:29.512 [PoolService-1] DEBUG com.goeuro.tests.TrainSearchTests.testSortingOfTrainPrices - ---Thread.currentThread().getId() = 14and Driver is = 803820624----Duplicate1
11:30:29.512 [PoolService-1] DEBUG com.goeuro.pages.HomePage.performSearch - ---Thread.currentThread().getId() = 14and Driver is = 803820624
11:30:34.851 [PoolService-2] DEBUG com.goeuro.tests.TrainSearchTests.testSortingOfTrainPrices - ---Thread.currentThread().getId() = 15and Driver is = 1625339024----Duplicate2
11:30:34.852 [PoolService-2] DEBUG com.goeuro.tests.TrainSearchTests.testSortingOfTrainPrices - ---Thread.currentThread().getId() = 15and Driver is = 1625339024----Duplicate3
11:30:39.698 [PoolService-1] DEBUG com.goeuro.tests.TrainSearchTests.testSortingOfTrainPrices - ---Thread.currentThread().getId() = 14and Driver is = 803820624----Duplicate2
11:30:39.699 [PoolService-1] DEBUG com.goeuro.tests.TrainSearchTests.testSortingOfTrainPrices - ---Thread.currentThread().getId() = 14and Driver is = 803820624----Duplicate3
11:30:39.703 [PoolService-3] DEBUG com.goeuro.tests.TrainSearchTests.testSortingOfTrainPrices - ---Thread.currentThread().getId() = 16and Driver is = 1511327458----Duplicate2
11:30:39.704 [PoolService-3] DEBUG com.goeuro.tests.TrainSearchTests.testSortingOfTrainPrices - ---Thread.currentThread().getId() = 16and Driver is = 1511327458----Duplicate3
11:31:16.026 [PoolService-3] DEBUG com.goeuro.tests.TrainSearchTests.testSortingOfTrainPrices - ---Thread.currentThread().getId() = 16and Driver is = 1511327458----Duplicate4
11:31:16.027 [PoolService-3] DEBUG com.goeuro.base.TestBase.tearDown - ---Thread.currentThread().getId() = 16and Driver is = 1511327458
11:31:26.341 [PoolService-2] DEBUG com.goeuro.tests.TrainSearchTests.testSortingOfTrainPrices - ---Thread.currentThread().getId() = 15and Driver is = 1625339024----Duplicate4
11:31:26.341 [PoolService-2] DEBUG com.goeuro.base.TestBase.tearDown - ---Thread.currentThread().getId() = 15and Driver is = 1625339024
11:31:26.930 [PoolService-1] DEBUG com.goeuro.tests.TrainSearchTests.testSortingOfTrainPrices - ---Thread.currentThread().getId() = 14and Driver is = 803820624----Duplicate4
11:31:26.931 [PoolService-1] DEBUG com.goeuro.base.TestBase.tearDown - ---Thread.currentThread().getId() = 14and Driver is = 803820624
13:26:06.853 [main] DEBUG com.goeuro.base.TestBase.setup - ---Thread.currentThread().getId() = 1
13:26:09.865 [PoolService-2] DEBUG com.goeuro.base.TestBase.testSetup - ---Thread.currentThread().getId() = 15and Driver is = 1138501655
13:26:09.943 [PoolService-2] DEBUG com.goeuro.tests.TrainSearchTests.testSortingOfTrainPrices - ---Thread.currentThread().getId() = 15and Driver is = 1138501655
13:26:10.091 [PoolService-3] DEBUG com.goeuro.base.TestBase.testSetup - ---Thread.currentThread().getId() = 16and Driver is = 1050698653
13:26:10.099 [PoolService-3] DEBUG com.goeuro.tests.TrainSearchTests.testSortingOfTrainPrices - ---Thread.currentThread().getId() = 16and Driver is = 1050698653
13:26:10.100 [PoolService-0] DEBUG com.goeuro.base.TestBase.testSetup - ---Thread.currentThread().getId() = 13and Driver is = 2011433752
13:26:10.108 [PoolService-0] DEBUG com.goeuro.tests.TrainSearchTests.testSortingOfTrainPrices - ---Thread.currentThread().getId() = 13and Driver is = 2011433752
13:26:10.200 [PoolService-1] DEBUG com.goeuro.base.TestBase.testSetup - ---Thread.currentThread().getId() = 14and Driver is = 497954655
13:26:10.209 [PoolService-1] DEBUG com.goeuro.tests.TrainSearchTests.testSortingOfTrainPrices - ---Thread.currentThread().getId() = 14and Driver is = 497954655
12:42:35.727 [main] DEBUG com.goeuro.base.TestBase.setup - ---Thread.currentThread().getId() = 1
12:42:37.754 [PoolService-1] DEBUG com.goeuro.base.TestBase.testSetup - ---Thread.currentThread().getId() = 164and Driver is = 215130612
12:42:37.754 [PoolService-2] DEBUG com.goeuro.base.TestBase.testSetup - ---Thread.currentThread().getId() = 165and Driver is = 361282743
12:42:37.765 [PoolService-1] DEBUG com.goeuro.tests.TrainSearchTests.testSortingOfTrainPrices - ---Thread.currentThread().getId() = 164and Driver is = 215130612
12:42:37.775 [PoolService-2] DEBUG com.goeuro.tests.TrainSearchTests.testSortingOfTrainPrices - ---Thread.currentThread().getId() = 165and Driver is = 361282743
12:42:37.830 [PoolService-3] DEBUG com.goeuro.base.TestBase.testSetup - ---Thread.currentThread().getId() = 166and Driver is = 1162965181
12:42:37.840 [PoolService-3] DEBUG com.goeuro.tests.TrainSearchTests.testSortingOfTrainPrices - ---Thread.currentThread().getId() = 166and Driver is = 1162965181
12:42:37.900 [PoolService-0] DEBUG com.goeuro.base.TestBase.testSetup - ---Thread.currentThread().getId() = 163and Driver is = 646887193
12:42:37.908 [PoolService-0] DEBUG com.goeuro.tests.TrainSearchTests.testSortingOfTrainPrices - ---Thread.currentThread().getId() = 163and Driver is = 646887193
12:43:07.814 [PoolService-1] DEBUG com.goeuro.base.TestBase.tearDown - ---Thread.currentThread().getId() = 164and Driver is = 215130612
12:43:07.814 [PoolService-2] DEBUG com.goeuro.base.TestBase.tearDown - ---Thread.currentThread().getId() = 165and Driver is = 361282743
12:43:07.862 [PoolService-3] DEBUG com.goeuro.base.TestBase.tearDown - ---Thread.currentThread().getId() = 166and Driver is = 1162965181
12:43:07.921 [PoolService-0] DEBUG com.goeuro.base.TestBase.tearDown - ---Thread.currentThread().getId() = 163and Driver is = 646887193
12:43:10.810 [PoolService-3] DEBUG com.goeuro.base.TestBase.testSetup - ---Thread.currentThread().getId() = 191and Driver is = 1656352828
12:43:10.810 [PoolService-1] DEBUG com.goeuro.base.TestBase.testSetup - ---Thread.currentThread().getId() = 189and Driver is = 1071250494
12:43:10.817 [PoolService-2] DEBUG com.goeuro.base.TestBase.testSetup - ---Thread.currentThread().getId() = 190and Driver is = 681086282
12:43:10.819 [PoolService-0] DEBUG com.goeuro.base.TestBase.testSetup - ---Thread.currentThread().getId() = 188and Driver is = 1505287857
12:43:10.858 [PoolService-3] DEBUG com.goeuro.tests.TrainSearchTests.testSortingOfTrainPrices - ---Thread.currentThread().getId() = 191and Driver is = 1656352828
12:43:10.859 [PoolService-1] DEBUG com.goeuro.tests.TrainSearchTests.testSortingOfTrainPrices - ---Thread.currentThread().getId() = 189and Driver is = 1071250494
12:43:10.860 [PoolService-0] DEBUG com.goeuro.tests.TrainSearchTests.testSortingOfTrainPrices - ---Thread.currentThread().getId() = 188and Driver is = 1505287857
12:43:10.861 [PoolService-2] DEBUG com.goeuro.tests.TrainSearchTests.testSortingOfTrainPrices - ---Thread.currentThread().getId() = 190and Driver is = 681086282
12:43:36.070 [PoolService-0] DEBUG com.goeuro.tests.TrainSearchTests.testSortingOfTrainPrices - ---Thread.currentThread().getId() = 188and Driver is = 1505287857----Duplicate1
12:43:36.071 [PoolService-0] DEBUG com.goeuro.pages.HomePage.performSearch - ---Thread.currentThread().getId() = 188and Driver is = 1505287857
12:43:37.154 [PoolService-2] DEBUG com.goeuro.tests.TrainSearchTests.testSortingOfTrainPrices - ---Thread.currentThread().getId() = 190and Driver is = 681086282----Duplicate1
12:43:37.155 [PoolService-2] DEBUG com.goeuro.pages.HomePage.performSearch - ---Thread.currentThread().getId() = 190and Driver is = 681086282
12:43:37.448 [PoolService-1] DEBUG com.goeuro.tests.TrainSearchTests.testSortingOfTrainPrices - ---Thread.currentThread().getId() = 189and Driver is = 1071250494----Duplicate1
12:43:37.448 [PoolService-1] DEBUG com.goeuro.pages.HomePage.performSearch - ---Thread.currentThread().getId() = 189and Driver is = 1071250494
12:43:38.493 [PoolService-3] DEBUG com.goeuro.tests.TrainSearchTests.testSortingOfTrainPrices - ---Thread.currentThread().getId() = 191and Driver is = 1656352828----Duplicate1
12:43:38.494 [PoolService-3] DEBUG com.goeuro.pages.HomePage.performSearch - ---Thread.currentThread().getId() = 191and Driver is = 1656352828
12:43:39.721 [PoolService-0] DEBUG com.goeuro.tests.TrainSearchTests.testSortingOfTrainPrices - ---Thread.currentThread().getId() = 188and Driver is = 1505287857----Duplicate2
12:43:39.722 [PoolService-0] DEBUG com.goeuro.tests.TrainSearchTests.testSortingOfTrainPrices - ---Thread.currentThread().getId() = 188and Driver is = 1505287857----Duplicate3
12:43:40.248 [PoolService-1] DEBUG com.goeuro.tests.TrainSearchTests.testSortingOfTrainPrices - ---Thread.currentThread().getId() = 189and Driver is = 1071250494----Duplicate2
12:43:40.248 [PoolService-1] DEBUG com.goeuro.tests.TrainSearchTests.testSortingOfTrainPrices - ---Thread.currentThread().getId() = 189and Driver is = 1071250494----Duplicate3
12:43:40.713 [PoolService-2] DEBUG com.goeuro.tests.TrainSearchTests.testSortingOfTrainPrices - ---Thread.currentThread().getId() = 190and Driver is = 681086282----Duplicate2
12:43:40.713 [PoolService-2] DEBUG com.goeuro.tests.TrainSearchTests.testSortingOfTrainPrices - ---Thread.currentThread().getId() = 190and Driver is = 681086282----Duplicate3
12:43:41.600 [PoolService-3] DEBUG com.goeuro.tests.TrainSearchTests.testSortingOfTrainPrices - ---Thread.currentThread().getId() = 191and Driver is = 1656352828----Duplicate2
12:43:41.601 [PoolService-3] DEBUG com.goeuro.tests.TrainSearchTests.testSortingOfTrainPrices - ---Thread.currentThread().getId() = 191and Driver is = 1656352828----Duplicate3
12:44:27.107 [PoolService-3] DEBUG com.goeuro.tests.TrainSearchTests.testSortingOfTrainPrices - ---Thread.currentThread().getId() = 191and Driver is = 1656352828----Duplicate4
12:44:27.108 [PoolService-3] DEBUG com.goeuro.base.TestBase.tearDown - ---Thread.currentThread().getId() = 191and Driver is = 1656352828
12:44:36.367 [PoolService-2] DEBUG com.goeuro.tests.TrainSearchTests.testSortingOfTrainPrices - ---Thread.currentThread().getId() = 190and Driver is = 681086282----Duplicate4
12:44:36.367 [PoolService-2] DEBUG com.goeuro.base.TestBase.tearDown - ---Thread.currentThread().getId() = 190and Driver is = 681086282
12:44:45.322 [PoolService-1] DEBUG com.goeuro.tests.TrainSearchTests.testSortingOfTrainPrices - ---Thread.currentThread().getId() = 189and Driver is = 1071250494----Duplicate4
12:44:45.323 [PoolService-1] DEBUG com.goeuro.base.TestBase.tearDown - ---Thread.currentThread().getId() = 189and Driver is = 1071250494
12:45:56.561 [PoolService-0] DEBUG com.goeuro.tests.TrainSearchTests.testSortingOfTrainPrices - ---Thread.currentThread().getId() = 188and Driver is = 1505287857----Duplicate4
12:45:56.562 [PoolService-0] DEBUG com.goeuro.base.TestBase.tearDown - ---Thread.currentThread().getId() = 188and Driver is = 1505287857
13:15:51.949 [main] DEBUG com.goeuro.base.TestBase.setup - ---Thread.currentThread().getId() = 1
13:15:53.773 [PoolService-3] DEBUG com.goeuro.base.TestBase.testSetup - ---Thread.currentThread().getId() = 166and Driver is = 1365390339
13:15:53.784 [PoolService-3] DEBUG com.goeuro.tests.TrainSearchTests.testSortingOfTrainPrices - ---Thread.currentThread().getId() = 166and Driver is = 1365390339
13:15:53.865 [PoolService-2] DEBUG com.goeuro.base.TestBase.testSetup - ---Thread.currentThread().getId() = 165and Driver is = 1864809170
13:15:53.875 [PoolService-2] DEBUG com.goeuro.tests.TrainSearchTests.testSortingOfTrainPrices - ---Thread.currentThread().getId() = 165and Driver is = 1864809170
13:15:53.883 [PoolService-1] DEBUG com.goeuro.base.TestBase.testSetup - ---Thread.currentThread().getId() = 164and Driver is = 1727980263
13:15:53.890 [PoolService-1] DEBUG com.goeuro.tests.TrainSearchTests.testSortingOfTrainPrices - ---Thread.currentThread().getId() = 164and Driver is = 1727980263
13:15:53.946 [PoolService-0] DEBUG com.goeuro.base.TestBase.testSetup - ---Thread.currentThread().getId() = 163and Driver is = 583848817
13:15:53.954 [PoolService-0] DEBUG com.goeuro.tests.TrainSearchTests.testSortingOfTrainPrices - ---Thread.currentThread().getId() = 163and Driver is = 583848817
13:16:03.198 [PoolService-3] DEBUG com.goeuro.tests.TrainSearchTests.testSortingOfTrainPrices - ---Thread.currentThread().getId() = 166and Driver is = 1365390339----Duplicate1
13:16:03.199 [PoolService-3] DEBUG com.goeuro.pages.HomePage.performSearch - ---Thread.currentThread().getId() = 166and Driver is = 1365390339
13:16:03.214 [PoolService-2] DEBUG com.goeuro.tests.TrainSearchTests.testSortingOfTrainPrices - ---Thread.currentThread().getId() = 165and Driver is = 1864809170----Duplicate1
13:16:03.215 [PoolService-2] DEBUG com.goeuro.pages.HomePage.performSearch - ---Thread.currentThread().getId() = 165and Driver is = 1864809170
13:16:03.217 [PoolService-1] DEBUG com.goeuro.tests.TrainSearchTests.testSortingOfTrainPrices - ---Thread.currentThread().getId() = 164and Driver is = 1727980263----Duplicate1
13:16:03.217 [PoolService-1] DEBUG com.goeuro.pages.HomePage.performSearch - ---Thread.currentThread().getId() = 164and Driver is = 1727980263
13:16:03.219 [PoolService-0] DEBUG com.goeuro.tests.TrainSearchTests.testSortingOfTrainPrices - ---Thread.currentThread().getId() = 163and Driver is = 583848817----Duplicate1
13:16:03.220 [PoolService-0] DEBUG com.goeuro.pages.HomePage.performSearch - ---Thread.currentThread().getId() = 163and Driver is = 583848817
13:16:06.186 [PoolService-1] DEBUG com.goeuro.tests.TrainSearchTests.testSortingOfTrainPrices - ---Thread.currentThread().getId() = 164and Driver is = 1727980263----Duplicate2
13:16:06.188 [PoolService-1] DEBUG com.goeuro.tests.TrainSearchTests.testSortingOfTrainPrices - ---Thread.currentThread().getId() = 164and Driver is = 1727980263----Duplicate3
13:16:06.743 [PoolService-3] DEBUG com.goeuro.tests.TrainSearchTests.testSortingOfTrainPrices - ---Thread.currentThread().getId() = 166and Driver is = 1365390339----Duplicate2
13:16:06.744 [PoolService-3] DEBUG com.goeuro.tests.TrainSearchTests.testSortingOfTrainPrices - ---Thread.currentThread().getId() = 166and Driver is = 1365390339----Duplicate3
13:16:13.935 [PoolService-0] DEBUG com.goeuro.tests.TrainSearchTests.testSortingOfTrainPrices - ---Thread.currentThread().getId() = 163and Driver is = 583848817----Duplicate2
13:16:13.935 [PoolService-0] DEBUG com.goeuro.tests.TrainSearchTests.testSortingOfTrainPrices - ---Thread.currentThread().getId() = 163and Driver is = 583848817----Duplicate3
13:16:17.708 [PoolService-2] DEBUG com.goeuro.tests.TrainSearchTests.testSortingOfTrainPrices - ---Thread.currentThread().getId() = 165and Driver is = 1864809170----Duplicate2
13:16:17.708 [PoolService-2] DEBUG com.goeuro.tests.TrainSearchTests.testSortingOfTrainPrices - ---Thread.currentThread().getId() = 165and Driver is = 1864809170----Duplicate3
13:16:48.887 [PoolService-3] DEBUG com.goeuro.tests.TrainSearchTests.testSortingOfTrainPrices - ---Thread.currentThread().getId() = 166and Driver is = 1365390339----Duplicate4
13:16:48.888 [PoolService-3] DEBUG com.goeuro.base.TestBase.tearDown - ---Thread.currentThread().getId() = 166and Driver is = 1365390339
13:17:03.460 [PoolService-2] DEBUG com.goeuro.tests.TrainSearchTests.testSortingOfTrainPrices - ---Thread.currentThread().getId() = 165and Driver is = 1864809170----Duplicate4
13:17:03.460 [PoolService-2] DEBUG com.goeuro.base.TestBase.tearDown - ---Thread.currentThread().getId() = 165and Driver is = 1864809170
13:17:09.450 [PoolService-1] DEBUG com.goeuro.tests.TrainSearchTests.testSortingOfTrainPrices - ---Thread.currentThread().getId() = 164and Driver is = 1727980263----Duplicate4
13:17:09.451 [PoolService-1] DEBUG com.goeuro.base.TestBase.tearDown - ---Thread.currentThread().getId() = 164and Driver is = 1727980263
13:18:23.218 [PoolService-0] DEBUG com.goeuro.tests.TrainSearchTests.testSortingOfTrainPrices - ---Thread.currentThread().getId() = 163and Driver is = 583848817----Duplicate4
13:18:23.219 [PoolService-0] DEBUG com.goeuro.base.TestBase.tearDown - ---Thread.currentThread().getId() = 163and Driver is = 583848817
13:18:25.719 [PoolService-3] DEBUG com.goeuro.base.TestBase.testSetup - ---Thread.currentThread().getId() = 192and Driver is = 1074502713
13:18:25.725 [PoolService-1] DEBUG com.goeuro.base.TestBase.testSetup - ---Thread.currentThread().getId() = 190and Driver is = 406108422
13:18:25.726 [PoolService-2] DEBUG com.goeuro.base.TestBase.testSetup - ---Thread.currentThread().getId() = 191and Driver is = 1840345977
13:18:25.747 [PoolService-3] DEBUG com.goeuro.tests.TrainSearchTests.testSortingOfTrainPrices - ---Thread.currentThread().getId() = 192and Driver is = 1074502713
13:18:25.769 [PoolService-2] DEBUG com.goeuro.tests.TrainSearchTests.testSortingOfTrainPrices - ---Thread.currentThread().getId() = 191and Driver is = 1840345977
13:18:25.788 [PoolService-1] DEBUG com.goeuro.tests.TrainSearchTests.testSortingOfTrainPrices - ---Thread.currentThread().getId() = 190and Driver is = 406108422
13:18:25.857 [PoolService-0] DEBUG com.goeuro.base.TestBase.testSetup - ---Thread.currentThread().getId() = 189and Driver is = 372589800
13:18:25.889 [PoolService-0] DEBUG com.goeuro.tests.TrainSearchTests.testSortingOfTrainPrices - ---Thread.currentThread().getId() = 189and Driver is = 372589800
13:18:33.869 [PoolService-2] DEBUG com.goeuro.tests.TrainSearchTests.testSortingOfTrainPrices - ---Thread.currentThread().getId() = 191and Driver is = 1840345977----Duplicate1
13:18:33.869 [PoolService-2] DEBUG com.goeuro.pages.HomePage.performSearch - ---Thread.currentThread().getId() = 191and Driver is = 1840345977
13:18:34.105 [PoolService-3] DEBUG com.goeuro.tests.TrainSearchTests.testSortingOfTrainPrices - ---Thread.currentThread().getId() = 192and Driver is = 1074502713----Duplicate1
13:18:34.105 [PoolService-3] DEBUG com.goeuro.pages.HomePage.performSearch - ---Thread.currentThread().getId() = 192and Driver is = 1074502713
13:18:34.116 [PoolService-1] DEBUG com.goeuro.tests.TrainSearchTests.testSortingOfTrainPrices - ---Thread.currentThread().getId() = 190and Driver is = 406108422----Duplicate1
13:18:34.116 [PoolService-1] DEBUG com.goeuro.pages.HomePage.performSearch - ---Thread.currentThread().getId() = 190and Driver is = 406108422
13:18:34.204 [PoolService-0] DEBUG com.goeuro.tests.TrainSearchTests.testSortingOfTrainPrices - ---Thread.currentThread().getId() = 189and Driver is = 372589800----Duplicate1
13:18:34.204 [PoolService-0] DEBUG com.goeuro.pages.HomePage.performSearch - ---Thread.currentThread().getId() = 189and Driver is = 372589800
13:18:37.231 [PoolService-1] DEBUG com.goeuro.tests.TrainSearchTests.testSortingOfTrainPrices - ---Thread.currentThread().getId() = 190and Driver is = 406108422----Duplicate2
13:18:37.232 [PoolService-1] DEBUG com.goeuro.tests.TrainSearchTests.testSortingOfTrainPrices - ---Thread.currentThread().getId() = 190and Driver is = 406108422----Duplicate3
13:18:37.254 [PoolService-3] DEBUG com.goeuro.tests.TrainSearchTests.testSortingOfTrainPrices - ---Thread.currentThread().getId() = 192and Driver is = 1074502713----Duplicate2
13:18:37.254 [PoolService-3] DEBUG com.goeuro.tests.TrainSearchTests.testSortingOfTrainPrices - ---Thread.currentThread().getId() = 192and Driver is = 1074502713----Duplicate3
13:18:37.440 [PoolService-0] DEBUG com.goeuro.tests.TrainSearchTests.testSortingOfTrainPrices - ---Thread.currentThread().getId() = 189and Driver is = 372589800----Duplicate2
13:18:37.441 [PoolService-0] DEBUG com.goeuro.tests.TrainSearchTests.testSortingOfTrainPrices - ---Thread.currentThread().getId() = 189and Driver is = 372589800----Duplicate3
13:18:37.606 [PoolService-2] DEBUG com.goeuro.tests.TrainSearchTests.testSortingOfTrainPrices - ---Thread.currentThread().getId() = 191and Driver is = 1840345977----Duplicate2
13:18:37.606 [PoolService-2] DEBUG com.goeuro.tests.TrainSearchTests.testSortingOfTrainPrices - ---Thread.currentThread().getId() = 191and Driver is = 1840345977----Duplicate3
13:19:19.289 [PoolService-3] DEBUG com.goeuro.tests.TrainSearchTests.testSortingOfTrainPrices - ---Thread.currentThread().getId() = 192and Driver is = 1074502713----Duplicate4
13:19:19.291 [PoolService-3] DEBUG com.goeuro.base.TestBase.tearDown - ---Thread.currentThread().getId() = 192and Driver is = 1074502713
13:19:30.731 [PoolService-2] DEBUG com.goeuro.tests.TrainSearchTests.testSortingOfTrainPrices - ---Thread.currentThread().getId() = 191and Driver is = 1840345977----Duplicate4
13:19:30.731 [PoolService-2] DEBUG com.goeuro.base.TestBase.tearDown - ---Thread.currentThread().getId() = 191and Driver is = 1840345977
13:19:40.148 [PoolService-1] DEBUG com.goeuro.tests.TrainSearchTests.testSortingOfTrainPrices - ---Thread.currentThread().getId() = 190and Driver is = 406108422----Duplicate4
13:19:40.149 [PoolService-1] DEBUG com.goeuro.base.TestBase.tearDown - ---Thread.currentThread().getId() = 190and Driver is = 406108422
13:20:52.635 [PoolService-0] DEBUG com.goeuro.tests.TrainSearchTests.testSortingOfTrainPrices - ---Thread.currentThread().getId() = 189and Driver is = 372589800----Duplicate4
13:20:52.636 [PoolService-0] DEBUG com.goeuro.base.TestBase.tearDown - ---Thread.currentThread().getId() = 189and Driver is = 372589800
